p1 lancia i dadi e ottiene: 4
p2 lancia i dadi e ottiene: 4
p3 lancia i dadi e ottiene: 6
p4 lancia i dadi e ottiene: 7
ordine di gioco:
turno 1 p4
turno 2 p3
p1 rilancia i dadi e ottiene: 5
p2 rilancia i dadi e ottiene: 3
turno 3 p1
turno 4 p2
 p4 p3 p1 p2
Giocatore 4 ha tirato i dadi ottenendo un valore di 4
Giocatore 4 è arrivato alla casella A5
Giocatore 4 ha acquistato il terreno A5
Giocatore 4 ha finito il turno
Giocatore 3 ha tirato i dadi ottenendo un valore di 7
Giocatore 3 è arrivato alla casella A8
Giocatore 3 ha finito il turno
Giocatore 1 ha tirato i dadi ottenendo un valore di 10
Giocatore 1 è arrivato alla casella D8
Giocatore 1 ha finito il turno
Giocatore 2 ha tirato i dadi ottenendo un valore di 11
Giocatore 2 è arrivato alla casella E8
Giocatore 2 ha finito il turno
Giocatore 4 ha tirato i dadi ottenendo un valore di 11
Giocatore 4 è arrivato alla casella H7
Giocatore 4 ha acquistato il terreno H7
Giocatore 4 ha finito il turno
Giocatore 3 ha tirato i dadi ottenendo un valore di 6
Giocatore 3 è arrivato alla casella G8
Giocatore 3 ha finito il turno
Giocatore 1 ha tirato i dadi ottenendo un valore di 9
Giocatore 1 è arrivato alla casella H3
Giocatore 1 ha finito il turno
Giocatore 2 ha tirato i dadi ottenendo un valore di 9
Giocatore 2 è arrivato alla casella H2
Giocatore 2 ha finito il turno
Giocatore 4 ha tirato i dadi ottenendo un valore di 9
Giocatore 4 è arrivato alla casella E1
Giocatore 4 ha acquistato il terreno E1
Giocatore 4 ha finito il turno
Giocatore 3 ha tirato i dadi ottenendo un valore di 11
Giocatore 3 è arrivato alla casella E1
Giocatore 3 ha pagato 0 fiorini a giocatore 4 per pernottamento nella casella E1
Giocatore 3 ha finito il turno
Giocatore 1 ha tirato i dadi ottenendo un valore di 9
Giocatore 1 è passato dal via e ha ritirato 5 fiorini
Giocatore 1 è arrivato alla casella A1
Giocatore 1 ha finito il turno
Giocatore 2 ha tirato i dadi ottenendo un valore di 6
Giocatore 2 è arrivato alla casella C1
Giocatore 2 ha finito il turno
Giocatore 4 ha tirato i dadi ottenendo un valore di 9
Giocatore 4 è passato dal via e ha ritirato 5 fiorini
Giocatore 4 è arrivato alla casella A6
